<?xml version="1.0" encoding="UTF-8"?>
<testng-results skipped="0" failed="0" total="2" passed="2">
  <reporter-output>
  </reporter-output>
  <suite name="Default suite" duration-ms="9493" started-at="2018-06-24T14:20:19Z" finished-at="2018-06-24T14:20:29Z">
    <groups>
    </groups>
    <test name="Default test" duration-ms="9493" started-at="2018-06-24T14:20:19Z" finished-at="2018-06-24T14:20:29Z">
      <class name="com.qa.test.GetAPITest">
        <test-method status="PASS" signature="getAPITestWithoutHeaders()[pri:0, instance:com.qa.test.GetAPITest@573f2bb1]" name="getAPITestWithoutHeaders" duration-ms="4953" started-at="2018-06-24T19:50:19Z" finished-at="2018-06-24T19:50:24Z">
          <reporter-output>
          </reporter-output>
        </test-method> <!-- getAPITestWithoutHeaders -->
        <test-method status="PASS" signature="setUp()[pri:0, instance:com.qa.test.GetAPITest@573f2bb1]" name="setUp" is-config="true" duration-ms="0" started-at="2018-06-24T19:50:19Z" finished-at="2018-06-24T19:50:19Z">
          <reporter-output>
          </reporter-output>
        </test-method> <!-- setUp -->
        <test-method status="PASS" signature="getAPITestWithHeaders()[pri:0, instance:com.qa.test.GetAPITest@573f2bb1]" name="getAPITestWithHeaders" duration-ms="4509" started-at="2018-06-24T19:50:24Z" finished-at="2018-06-24T19:50:29Z">
          <reporter-output>
          </reporter-output>
        </test-method> <!-- getAPITestWithHeaders -->
        <test-method status="PASS" signature="setUp()[pri:0, instance:com.qa.test.GetAPITest@573f2bb1]" name="setUp" is-config="true" duration-ms="0" started-at="2018-06-24T19:50:24Z" finished-at="2018-06-24T19:50:24Z">
          <reporter-output>
          </reporter-output>
        </test-method> <!-- setUp -->
      </class> <!-- com.qa.test.GetAPITest -->
    </test> <!-- Default test -->
  </suite> <!-- Default suite -->
</testng-results>
